

Microchip MPLAB XC8 Assembler V2.46 build 20240104201356 
                                                                                               Fri Jun 14 20:42:27 2024

Microchip MPLAB XC8 C Compiler v2.46 (Free license) build 20240104201356 Og1 
     1                           	processor	18F46K20
     2                           	fnconf	rparam,??,?,0
     3                           	pagewidth 120
     4                           	opt	flic
     5                           	psect	cinit,global,reloc=2,class=CODE,delta=1
     6                           	psect	bssCOMRAM,global,class=COMRAM,space=1,delta=1,lowdata,noexec
     7                           	psect	cstackCOMRAM,global,class=COMRAM,space=1,delta=1,lowdata,noexec
     8                           	psect	text0,global,reloc=2,class=CODE,delta=1
     9                           	psect	text1,global,reloc=2,class=CODE,delta=1
    10                           	psect	text2,global,reloc=2,class=CODE,delta=1
    11                           	psect	text3,global,reloc=2,class=CODE,delta=1
    12                           	psect	text4,global,reloc=2,class=CODE,delta=1
    13                           	psect	text5,global,reloc=2,class=CODE,delta=1
    14                           	psect	text6,global,reloc=2,class=CODE,delta=1
    15                           	psect	text7,global,reloc=2,class=CODE,delta=1
    16                           	psect	text8,global,reloc=2,class=CODE,delta=1
    17                           	psect	text9,global,reloc=2,class=CODE,delta=1
    18                           	psect	smallconst,global,reloc=2,class=SMALLCONST,delta=1,noexec
    19                           	psect	intsave_regs,global,class=BIGRAM,space=1,delta=1,noexec
    20                           	psect	rparam,global,class=COMRAM,space=1,delta=1,noexec
    21                           	psect	config,global,abs,ovrld,class=CONFIG,space=4,delta=1,noexec
    22   000000                     
    23                           ; Generated 12/10/2023 GMT
    24                           ; 
    25                           ; Copyright © 2023, Microchip Technology Inc. and its subsidiaries ("Microchip")
    26                           ; All rights reserved.
    27                           ; 
    28                           ; This software is developed by Microchip Technology Inc. and its subsidiaries ("Microch
      +                          ip").
    29                           ; 
    30                           ; Redistribution and use in source and binary forms, with or without modification, are
    31                           ; permitted provided that the following conditions are met:
    32                           ; 
    33                           ;     1. Redistributions of source code must retain the above copyright notice, this lis
      +                          t of
    34                           ;        conditions and the following disclaimer.
    35                           ; 
    36                           ;     2. Redistributions in binary form must reproduce the above copyright notice, this 
      +                          list
    37                           ;        of conditions and the following disclaimer in the documentation and/or other
    38                           ;        materials provided with the distribution. Publication is not required when
    39                           ;        this file is used in an embedded application.
    40                           ; 
    41                           ;     3. Microchip's name may not be used to endorse or promote products derived from th
      +                          is
    42                           ;        software without specific prior written permission.
    43                           ; 
    44                           ; THIS SOFTWARE IS PROVIDED BY MICROCHIP "AS IS" AND ANY EXPRESS OR IMPLIED WARRANTIES,
    45                           ; INCLUDING, BUT NOT LIMITED TO, THE IMPLIED WARRANTIES OF MERCHANTABILITY AND FITNESS F
      +                          OR
    46                           ; PURPOSE ARE DISCLAIMED.  IN NO EVENT SHALL MICROCHIP BE LIABLE FOR ANY DIRECT, INDIREC
      +                          T,
    47                           ; INCIDENTAL, SPECIAL, EXEMPLARY, OR CONSEQUENTIAL DAMAGES (INCLUDING BUT NOT LIMITED TO
    48                           ; PROCUREMENT OF SUBSTITUTE GOODS OR SERVICES; LOSS OF USE, DATA OR PROFITS; OR BUSINESS
    49                           ; INTERRUPTION) HOWSOEVER CAUSED AND ON ANY THEORY OF LIABILITY, WHETHER IN CONTRACT, ST
      +                          RICT
    50                           ; LIABILITY, OR TORT (INCLUDING NEGLIGENCE OR OTHERWISE) ARISING IN ANY WAY OUT OF THE U
      +                          SE OF
    51                           ; THIS SOFTWARE, EVEN IF ADVISED OF THE POSSIBILITY OF SUCH DAMAGE.
    52                           ; 
    53                           ; 
    54                           ; Code-generator required, PIC18F46K20 Definitions
    55                           ; 
    56                           ; SFR Addresses
    57   000000                     _LATDbits	set	3980
    58   000000                     _TRISDbits	set	3989
    59   000000                     _WDTCONbits	set	4049
    60                           
    61                           ; #config settings
    62                           
    63                           	psect	cinit
    64   0010C2                     __pcinit:
    65                           	callstack 0
    66   0010C2                     start_initialization:
    67                           	callstack 0
    68   0010C2                     __initialization:
    69                           	callstack 0
    70                           
    71                           ; Clear objects allocated to COMRAM (11 bytes)
    72   0010C2  EE00  F001         	lfsr	0,__pbssCOMRAM
    73   0010C6  0E0B               	movlw	11
    74   0010C8                     clear_0:
    75   0010C8  6AEE               	clrf	postinc0,c
    76   0010CA  06E8               	decf	wreg,f,c
    77   0010CC  E1FD               	bnz	clear_0
    78   0010CE                     end_of_initialization:
    79                           	callstack 0
    80   0010CE                     __end_of__initialization:
    81                           	callstack 0
    82   0010CE  0100               	movlb	0
    83   0010D0  EF2E  F008         	goto	_main	;jump to C main() function
    84                           
    85                           	psect	bssCOMRAM
    86   000001                     __pbssCOMRAM:
    87                           	callstack 0
    88   000001                     _wgdmMainFuncTurn:
    89                           	callstack 0
    90   000001                     	ds	2
    91   000003                     _lastCheckTime:
    92                           	callstack 0
    93   000003                     	ds	2
    94   000005                     _mainFuncCalls:
    95                           	callstack 0
    96   000005                     	ds	2
    97   000007                     _ledCounter:
    98                           	callstack 0
    99   000007                     	ds	2
   100   000009                     _ledstate:
   101                           	callstack 0
   102   000009                     	ds	2
   103   00000B                     _wdgmStatus:
   104                           	callstack 0
   105   00000B                     	ds	1
   106                           
   107                           	psect	cstackCOMRAM
   108   00000C                     __pcstackCOMRAM:
   109                           	callstack 0
   110   00000C                     GPIO_Write@PinData:
   111                           	callstack 0
   112                           
   113                           ; 1 bytes @ 0x0
   114   00000C                     	ds	1
   115   00000D                     ??_main:
   116   00000D                     
   117                           ; 1 bytes @ 0x1
   118   00000D                     	ds	1
   119                           
   120 ;;
   121 ;;Main: autosize = 0, tempsize = 1, incstack = 0, save=0
   122 ;;
   123 ;; *************** function _main *****************
   124 ;; Defined at:
   125 ;;		line 18 in file "GPIO/main.c"
   126 ;; Parameters:    Size  Location     Type
   127 ;;		None
   128 ;; Auto vars:     Size  Location     Type
   129 ;;		None
   130 ;; Return value:  Size  Location     Type
   131 ;;                  2   16[None  ] int 
   132 ;; Registers used:
   133 ;;		wreg, status,2, status,0, cstack
   134 ;; Tracked objects:
   135 ;;		On entry : 0/0
   136 ;;		On exit  : 0/0
   137 ;;		Unchanged: 0/0
   138 ;; Data sizes:     COMRAM   BANK0   BANK1   BANK2   BANK3   BANK4   BANK5   BANK6   BANK7   BANK8   BANK9  BANK10  BANK1
      +1  BANK12  BANK13  BANK14  BANK15
   139 ;;      Params:         0       0       0       0       0       0       0       0       0       0       0       0       
      +0       0       0       0       0
   140 ;;      Locals:         0       0       0       0       0       0       0       0       0       0       0       0       
      +0       0       0       0       0
   141 ;;      Temps:          1       0       0       0       0       0       0       0       0       0       0       0       
      +0       0       0       0       0
   142 ;;      Totals:         1       0       0       0       0       0       0       0       0       0       0       0       
      +0       0       0       0       0
   143 ;;Total ram usage:        1 bytes
   144 ;; Hardware stack levels required when called: 2
   145 ;; This function calls:
   146 ;;		_LEDM_Init
   147 ;;		_LEDM_Manage
   148 ;;		_WDGDrv_Init
   149 ;;		_WDGDrv_IsrNotification
   150 ;;		_WDGM_Init
   151 ;; This function is called by:
   152 ;;		Startup code after reset
   153 ;; This function uses a non-reentrant model
   154 ;;
   155                           
   156                           	psect	text0
   157   00105C                     __ptext0:
   158                           	callstack 0
   159   00105C                     _main:
   160                           	callstack 29
   161   00105C                     
   162                           ;GPIO/main.c: 19:     LEDM_Init();
   163   00105C  EC76  F008         	call	_LEDM_Init	;wreg free
   164                           
   165                           ;GPIO/main.c: 20:     WDGDrv_Init();
   166   001060  EC70  F008         	call	_WDGDrv_Init	;wreg free
   167   001064                     
   168                           ;GPIO/main.c: 21:     WDGM_Init();
   169   001064  EC55  F008         	call	_WDGM_Init	;wreg free
   170   001068                     l845:
   171                           
   172                           ;GPIO/main.c: 25:         LEDM_Manage();
   173   001068  EC01  F008         	call	_LEDM_Manage	;wreg free
   174   00106C                     
   175                           ;GPIO/main.c: 27:         WDGDrv_IsrNotification();
   176   00106C  EC45  F008         	call	_WDGDrv_IsrNotification	;wreg free
   177   001070                     
   178                           ;GPIO/main.c: 28:         _delay((unsigned long)((10)*(8000000/4000.0)));
   179   001070  0E1A               	movlw	26
   180   001072  6E0D               	movwf	??_main^0,c
   181   001074  0EF8               	movlw	248
   182   001076                     u147:
   183   001076  2EE8               	decfsz	wreg,f,c
   184   001078  D7FE               	bra	u147
   185   00107A  2E0D               	decfsz	??_main^0,f,c
   186   00107C  D7FC               	bra	u147
   187   00107E  F000 F000          	nop2	
   188   001082  EF34  F008         	goto	l845
   189   001086  EF00  F000         	goto	start
   190   00108A                     __end_of_main:
   191                           	callstack 0
   192                           
   193 ;; *************** function _WDGM_Init *****************
   194 ;; Defined at:
   195 ;;		line 8 in file "GPIO/WDGM.c"
   196 ;; Parameters:    Size  Location     Type
   197 ;;		None
   198 ;; Auto vars:     Size  Location     Type
   199 ;;		None
   200 ;; Return value:  Size  Location     Type
   201 ;;                  1    wreg      void 
   202 ;; Registers used:
   203 ;;		wreg, status,2
   204 ;; Tracked objects:
   205 ;;		On entry : 0/0
   206 ;;		On exit  : 0/0
   207 ;;		Unchanged: 0/0
   208 ;; Data sizes:     COMRAM   BANK0   BANK1   BANK2   BANK3   BANK4   BANK5   BANK6   BANK7   BANK8   BANK9  BANK10  BANK1
      +1  BANK12  BANK13  BANK14  BANK15
   209 ;;      Params:         0       0       0       0       0       0       0       0       0       0       0       0       
      +0       0       0       0       0
   210 ;;      Locals:         0       0       0       0       0       0       0       0       0       0       0       0       
      +0       0       0       0       0
   211 ;;      Temps:          0       0       0       0       0       0       0       0       0       0       0       0       
      +0       0       0       0       0
   212 ;;      Totals:         0       0       0       0       0       0       0       0       0       0       0       0       
      +0       0       0       0       0
   213 ;;Total ram usage:        0 bytes
   214 ;; Hardware stack levels used: 1
   215 ;; This function calls:
   216 ;;		Nothing
   217 ;; This function is called by:
   218 ;;		_main
   219 ;; This function uses a non-reentrant model
   220 ;;
   221                           
   222                           	psect	text1
   223   0010AA                     __ptext1:
   224                           	callstack 0
   225   0010AA                     _WDGM_Init:
   226                           	callstack 30
   227   0010AA                     
   228                           ;GPIO/WDGM.c: 10:     mainFuncCalls = 0;
   229   0010AA  0E00               	movlw	0
   230   0010AC  6E06               	movwf	(_mainFuncCalls+1)^0,c	;volatile
   231   0010AE  0E00               	movlw	0
   232   0010B0  6E05               	movwf	_mainFuncCalls^0,c	;volatile
   233                           
   234                           ;GPIO/WDGM.c: 11:     lastCheckTime = 0;
   235   0010B2  0E00               	movlw	0
   236   0010B4  6E04               	movwf	(_lastCheckTime+1)^0,c	;volatile
   237   0010B6  0E00               	movlw	0
   238   0010B8  6E03               	movwf	_lastCheckTime^0,c	;volatile
   239                           
   240                           ;GPIO/WDGM.c: 12:     wdgmStatus = OK;
   241   0010BA  0E00               	movlw	0
   242   0010BC  6E0B               	movwf	_wdgmStatus^0,c
   243   0010BE                     
   244                           ;GPIO/WDGM.c: 13:         TRISDbits.TRISD3 = 0;
   245   0010BE  9695               	bcf	149,3,c	;volatile
   246   0010C0  0012               	return		;funcret
   247   0010C2                     __end_of_WDGM_Init:
   248                           	callstack 0
   249                           
   250 ;; *************** function _WDGDrv_IsrNotification *****************
   251 ;; Defined at:
   252 ;;		line 28 in file "GPIO/WDGDRV.c"
   253 ;; Parameters:    Size  Location     Type
   254 ;;		None
   255 ;; Auto vars:     Size  Location     Type
   256 ;;		None
   257 ;; Return value:  Size  Location     Type
   258 ;;                  1    wreg      void 
   259 ;; Registers used:
   260 ;;		wreg, status,2, cstack
   261 ;; Tracked objects:
   262 ;;		On entry : 0/0
   263 ;;		On exit  : 0/0
   264 ;;		Unchanged: 0/0
   265 ;; Data sizes:     COMRAM   BANK0   BANK1   BANK2   BANK3   BANK4   BANK5   BANK6   BANK7   BANK8   BANK9  BANK10  BANK1
      +1  BANK12  BANK13  BANK14  BANK15
   266 ;;      Params:         0       0       0       0       0       0       0       0       0       0       0       0       
      +0       0       0       0       0
   267 ;;      Locals:         0       0       0       0       0       0       0       0       0       0       0       0       
      +0       0       0       0       0
   268 ;;      Temps:          0       0       0       0       0       0       0       0       0       0       0       0       
      +0       0       0       0       0
   269 ;;      Totals:         0       0       0       0       0       0       0       0       0       0       0       0       
      +0       0       0       0       0
   270 ;;Total ram usage:        0 bytes
   271 ;; Hardware stack levels used: 1
   272 ;; Hardware stack levels required when called: 1
   273 ;; This function calls:
   274 ;;		_WDGM_PovideSuppervisionStatus
   275 ;; This function is called by:
   276 ;;		_main
   277 ;; This function uses a non-reentrant model
   278 ;;
   279                           
   280                           	psect	text2
   281   00108A                     __ptext2:
   282                           	callstack 0
   283   00108A                     _WDGDrv_IsrNotification:
   284                           	callstack 29
   285   00108A                     
   286                           ;GPIO/WDGDRV.c: 35:     if (WDGM_PovideSuppervisionStatus()== OK){
   287   00108A  EC7C  F008         	call	_WDGM_PovideSuppervisionStatus	;wreg free
   288   00108E  0900               	iorlw	0
   289   001090  A4D8               	btfss	status,2,c
   290   001092  EF4D  F008         	goto	u51
   291   001096  EF4F  F008         	goto	u50
   292   00109A                     u51:
   293   00109A  EF53  F008         	goto	l61
   294   00109E                     u50:
   295   00109E                     
   296                           ;GPIO/WDGDRV.c: 37:         LATDbits.LATD4 = 0;
   297   00109E  988C               	bcf	140,4,c	;volatile
   298   0010A0  0004               	clrwdt		;# 
   299                           
   300                           ;GPIO/WDGDRV.c: 42:     }
   301   0010A2  EF54  F008         	goto	l63
   302   0010A6                     l61:
   303                           
   304                           ;GPIO/WDGDRV.c: 45:         LATDbits.LATD4 = 1;
   305   0010A6  888C               	bsf	140,4,c	;volatile
   306   0010A8                     l63:
   307   0010A8  0012               	return		;funcret
   308   0010AA                     __end_of_WDGDrv_IsrNotification:
   309                           	callstack 0
   310                           
   311 ;; *************** function _WDGM_PovideSuppervisionStatus *****************
   312 ;; Defined at:
   313 ;;		line 43 in file "GPIO/WDGM.c"
   314 ;; Parameters:    Size  Location     Type
   315 ;;		None
   316 ;; Auto vars:     Size  Location     Type
   317 ;;		None
   318 ;; Return value:  Size  Location     Type
   319 ;;                  1    wreg      enum E2735
   320 ;; Registers used:
   321 ;;		wreg, status,2
   322 ;; Tracked objects:
   323 ;;		On entry : 0/0
   324 ;;		On exit  : 0/0
   325 ;;		Unchanged: 0/0
   326 ;; Data sizes:     COMRAM   BANK0   BANK1   BANK2   BANK3   BANK4   BANK5   BANK6   BANK7   BANK8   BANK9  BANK10  BANK1
      +1  BANK12  BANK13  BANK14  BANK15
   327 ;;      Params:         0       0       0       0       0       0       0       0       0       0       0       0       
      +0       0       0       0       0
   328 ;;      Locals:         0       0       0       0       0       0       0       0       0       0       0       0       
      +0       0       0       0       0
   329 ;;      Temps:          0       0       0       0       0       0       0       0       0       0       0       0       
      +0       0       0       0       0
   330 ;;      Totals:         0       0       0       0       0       0       0       0       0       0       0       0       
      +0       0       0       0       0
   331 ;;Total ram usage:        0 bytes
   332 ;; Hardware stack levels used: 1
   333 ;; This function calls:
   334 ;;		Nothing
   335 ;; This function is called by:
   336 ;;		_WDGDrv_IsrNotification
   337 ;; This function uses a non-reentrant model
   338 ;;
   339                           
   340                           	psect	text3
   341   0010F8                     __ptext3:
   342                           	callstack 0
   343   0010F8                     _WDGM_PovideSuppervisionStatus:
   344                           	callstack 29
   345   0010F8                     
   346                           ;GPIO/WDGM.c: 45:     return wdgmStatus;
   347   0010F8  500B               	movf	_wdgmStatus^0,w,c
   348   0010FA  0012               	return		;funcret
   349   0010FC                     __end_of_WDGM_PovideSuppervisionStatus:
   350                           	callstack 0
   351                           
   352 ;; *************** function _WDGDrv_Init *****************
   353 ;; Defined at:
   354 ;;		line 6 in file "GPIO/WDGDRV.c"
   355 ;; Parameters:    Size  Location     Type
   356 ;;		None
   357 ;; Auto vars:     Size  Location     Type
   358 ;;		None
   359 ;; Return value:  Size  Location     Type
   360 ;;                  1    wreg      void 
   361 ;; Registers used:
   362 ;;		None
   363 ;; Tracked objects:
   364 ;;		On entry : 0/0
   365 ;;		On exit  : 0/0
   366 ;;		Unchanged: 0/0
   367 ;; Data sizes:     COMRAM   BANK0   BANK1   BANK2   BANK3   BANK4   BANK5   BANK6   BANK7   BANK8   BANK9  BANK10  BANK1
      +1  BANK12  BANK13  BANK14  BANK15
   368 ;;      Params:         0       0       0       0       0       0       0       0       0       0       0       0       
      +0       0       0       0       0
   369 ;;      Locals:         0       0       0       0       0       0       0       0       0       0       0       0       
      +0       0       0       0       0
   370 ;;      Temps:          0       0       0       0       0       0       0       0       0       0       0       0       
      +0       0       0       0       0
   371 ;;      Totals:         0       0       0       0       0       0       0       0       0       0       0       0       
      +0       0       0       0       0
   372 ;;Total ram usage:        0 bytes
   373 ;; Hardware stack levels used: 1
   374 ;; This function calls:
   375 ;;		Nothing
   376 ;; This function is called by:
   377 ;;		_main
   378 ;; This function uses a non-reentrant model
   379 ;;
   380                           
   381                           	psect	text4
   382   0010E0                     __ptext4:
   383                           	callstack 0
   384   0010E0                     _WDGDrv_Init:
   385                           	callstack 30
   386   0010E0                     
   387                           ;GPIO/WDGDRV.c: 20:     WDTCONbits.SWDTEN = 1;
   388   0010E0  80D1               	bsf	209,0,c	;volatile
   389                           
   390                           ;GPIO/WDGDRV.c: 21:     TRISDbits.TRISD4 = 0;
   391   0010E2  9895               	bcf	149,4,c	;volatile
   392   0010E4  0012               	return		;funcret
   393   0010E6                     __end_of_WDGDrv_Init:
   394                           	callstack 0
   395                           
   396 ;; *************** function _LEDM_Manage *****************
   397 ;; Defined at:
   398 ;;		line 11 in file "GPIO/LEDM.c"
   399 ;; Parameters:    Size  Location     Type
   400 ;;		None
   401 ;; Auto vars:     Size  Location     Type
   402 ;;		None
   403 ;; Return value:  Size  Location     Type
   404 ;;                  1    wreg      void 
   405 ;; Registers used:
   406 ;;		wreg, status,2, status,0, cstack
   407 ;; Tracked objects:
   408 ;;		On entry : 0/0
   409 ;;		On exit  : 0/0
   410 ;;		Unchanged: 0/0
   411 ;; Data sizes:     COMRAM   BANK0   BANK1   BANK2   BANK3   BANK4   BANK5   BANK6   BANK7   BANK8   BANK9  BANK10  BANK1
      +1  BANK12  BANK13  BANK14  BANK15
   412 ;;      Params:         0       0       0       0       0       0       0       0       0       0       0       0       
      +0       0       0       0       0
   413 ;;      Locals:         0       0       0       0       0       0       0       0       0       0       0       0       
      +0       0       0       0       0
   414 ;;      Temps:          0       0       0       0       0       0       0       0       0       0       0       0       
      +0       0       0       0       0
   415 ;;      Totals:         0       0       0       0       0       0       0       0       0       0       0       0       
      +0       0       0       0       0
   416 ;;Total ram usage:        0 bytes
   417 ;; Hardware stack levels used: 1
   418 ;; Hardware stack levels required when called: 1
   419 ;; This function calls:
   420 ;;		_GPIO_Write
   421 ;;		_WDGM_AlivenessIndication
   422 ;; This function is called by:
   423 ;;		_main
   424 ;; This function uses a non-reentrant model
   425 ;;
   426                           
   427                           	psect	text5
   428   001002                     __ptext5:
   429                           	callstack 0
   430   001002                     _LEDM_Manage:
   431                           	callstack 29
   432   001002                     
   433                           ;GPIO/LEDM.c: 12:     ledCounter=ledCounter+10;
   434   001002  0E0A               	movlw	10
   435   001004  2407               	addwf	_ledCounter^0,w,c	;volatile
   436   001006  6E07               	movwf	_ledCounter^0,c	;volatile
   437   001008  0E00               	movlw	0
   438   00100A  2008               	addwfc	(_ledCounter+1)^0,w,c	;volatile
   439   00100C  6E08               	movwf	(_ledCounter+1)^0,c	;volatile
   440                           
   441                           ;GPIO/LEDM.c: 14:     if (ledCounter>500){
   442   00100E  BE08               	btfsc	(_ledCounter+1)^0,7,c	;volatile
   443   001010  EF13  F008         	goto	u111
   444   001014  0EF5               	movlw	245
   445   001016  5C07               	subwf	_ledCounter^0,w,c	;volatile
   446   001018  0E01               	movlw	1
   447   00101A  5808               	subwfb	(_ledCounter+1)^0,w,c	;volatile
   448   00101C  A0D8               	btfss	status,0,c
   449   00101E  EF13  F008         	goto	u111
   450   001022  EF15  F008         	goto	u110
   451   001026                     u111:
   452   001026  EF2B  F008         	goto	l839
   453   00102A                     u110:
   454   00102A                     
   455                           ;GPIO/LEDM.c: 15:         ledstate=!ledstate;
   456   00102A  5009               	movf	_ledstate^0,w,c	;volatile
   457   00102C  100A               	iorwf	(_ledstate+1)^0,w,c	;volatile
   458   00102E  B4D8               	btfsc	status,2,c
   459   001030  EF1C  F008         	goto	u121
   460   001034  EF1F  F008         	goto	u120
   461   001038                     u121:
   462   001038  0E01               	movlw	1
   463   00103A  EF20  F008         	goto	u130
   464   00103E                     u120:
   465   00103E  0E00               	movlw	0
   466   001040                     u130:
   467   001040  6E09               	movwf	_ledstate^0,c	;volatile
   468   001042  6A0A               	clrf	(_ledstate+1)^0,c	;volatile
   469   001044                     
   470                           ;GPIO/LEDM.c: 16:         GPIO_Write(5,ledstate);
   471   001044  C009  F00C         	movff	_ledstate,GPIO_Write@PinData	;volatile
   472   001048  0E05               	movlw	5
   473   00104A  EC6A  F008         	call	_GPIO_Write
   474   00104E                     
   475                           ;GPIO/LEDM.c: 17:         ledCounter=0;
   476   00104E  0E00               	movlw	0
   477   001050  6E08               	movwf	(_ledCounter+1)^0,c	;volatile
   478   001052  0E00               	movlw	0
   479   001054  6E07               	movwf	_ledCounter^0,c	;volatile
   480   001056                     l839:
   481                           
   482                           ;GPIO/LEDM.c: 20:     WDGM_AlivenessIndication();
   483   001056  EC73  F008         	call	_WDGM_AlivenessIndication	;wreg free
   484   00105A  0012               	return		;funcret
   485   00105C                     __end_of_LEDM_Manage:
   486                           	callstack 0
   487                           
   488 ;; *************** function _WDGM_AlivenessIndication *****************
   489 ;; Defined at:
   490 ;;		line 48 in file "GPIO/WDGM.c"
   491 ;; Parameters:    Size  Location     Type
   492 ;;		None
   493 ;; Auto vars:     Size  Location     Type
   494 ;;		None
   495 ;; Return value:  Size  Location     Type
   496 ;;                  1    wreg      void 
   497 ;; Registers used:
   498 ;;		status,2, status,0
   499 ;; Tracked objects:
   500 ;;		On entry : 0/0
   501 ;;		On exit  : 0/0
   502 ;;		Unchanged: 0/0
   503 ;; Data sizes:     COMRAM   BANK0   BANK1   BANK2   BANK3   BANK4   BANK5   BANK6   BANK7   BANK8   BANK9  BANK10  BANK1
      +1  BANK12  BANK13  BANK14  BANK15
   504 ;;      Params:         0       0       0       0       0       0       0       0       0       0       0       0       
      +0       0       0       0       0
   505 ;;      Locals:         0       0       0       0       0       0       0       0       0       0       0       0       
      +0       0       0       0       0
   506 ;;      Temps:          0       0       0       0       0       0       0       0       0       0       0       0       
      +0       0       0       0       0
   507 ;;      Totals:         0       0       0       0       0       0       0       0       0       0       0       0       
      +0       0       0       0       0
   508 ;;Total ram usage:        0 bytes
   509 ;; Hardware stack levels used: 1
   510 ;; This function calls:
   511 ;;		Nothing
   512 ;; This function is called by:
   513 ;;		_LEDM_Manage
   514 ;; This function uses a non-reentrant model
   515 ;;
   516                           
   517                           	psect	text6
   518   0010E6                     __ptext6:
   519                           	callstack 0
   520   0010E6                     _WDGM_AlivenessIndication:
   521                           	callstack 29
   522   0010E6                     
   523                           ;GPIO/WDGM.c: 51:     mainFuncCalls++;
   524   0010E6  4A05               	infsnz	_mainFuncCalls^0,f,c	;volatile
   525   0010E8  2A06               	incf	(_mainFuncCalls+1)^0,f,c	;volatile
   526   0010EA  0012               	return		;funcret
   527   0010EC                     __end_of_WDGM_AlivenessIndication:
   528                           	callstack 0
   529                           
   530 ;; *************** function _GPIO_Write *****************
   531 ;; Defined at:
   532 ;;		line 9 in file "GPIO/GPIO.c"
   533 ;; Parameters:    Size  Location     Type
   534 ;;  PinId           1    wreg     unsigned char 
   535 ;;  PinData         1    0[COMRAM] unsigned char 
   536 ;; Auto vars:     Size  Location     Type
   537 ;;  PinId           1    0[COMRAM] unsigned char 
   538 ;; Return value:  Size  Location     Type
   539 ;;                  1    wreg      void 
   540 ;; Registers used:
   541 ;;		wreg
   542 ;; Tracked objects:
   543 ;;		On entry : 0/0
   544 ;;		On exit  : 0/0
   545 ;;		Unchanged: 0/0
   546 ;; Data sizes:     COMRAM   BANK0   BANK1   BANK2   BANK3   BANK4   BANK5   BANK6   BANK7   BANK8   BANK9  BANK10  BANK1
      +1  BANK12  BANK13  BANK14  BANK15
   547 ;;      Params:         1       0       0       0       0       0       0       0       0       0       0       0       
      +0       0       0       0       0
   548 ;;      Locals:         0       0       0       0       0       0       0       0       0       0       0       0       
      +0       0       0       0       0
   549 ;;      Temps:          0       0       0       0       0       0       0       0       0       0       0       0       
      +0       0       0       0       0
   550 ;;      Totals:         1       0       0       0       0       0       0       0       0       0       0       0       
      +0       0       0       0       0
   551 ;;Total ram usage:        1 bytes
   552 ;; Hardware stack levels used: 1
   553 ;; This function calls:
   554 ;;		Nothing
   555 ;; This function is called by:
   556 ;;		_LEDM_Manage
   557 ;; This function uses a non-reentrant model
   558 ;;
   559                           
   560                           	psect	text7
   561   0010D4                     __ptext7:
   562                           	callstack 0
   563   0010D4                     _GPIO_Write:
   564                           	callstack 29
   565   0010D4                     
   566                           ;GPIO/GPIO.c: 11:    LATDbits.LATD5 = PinData;
   567   0010D4  B00C               	btfsc	GPIO_Write@PinData^0,0,c
   568   0010D6  D002               	bra	u105
   569   0010D8  9A8C               	bcf	140,5,c	;volatile
   570   0010DA  D001               	bra	u106
   571   0010DC                     u105:
   572   0010DC  8A8C               	bsf	140,5,c	;volatile
   573   0010DE                     u106:
   574   0010DE  0012               	return		;funcret
   575   0010E0                     __end_of_GPIO_Write:
   576                           	callstack 0
   577                           
   578 ;; *************** function _LEDM_Init *****************
   579 ;; Defined at:
   580 ;;		line 5 in file "GPIO/LEDM.c"
   581 ;; Parameters:    Size  Location     Type
   582 ;;		None
   583 ;; Auto vars:     Size  Location     Type
   584 ;;		None
   585 ;; Return value:  Size  Location     Type
   586 ;;                  1    wreg      void 
   587 ;; Registers used:
   588 ;;		cstack
   589 ;; Tracked objects:
   590 ;;		On entry : 0/0
   591 ;;		On exit  : 0/0
   592 ;;		Unchanged: 0/0
   593 ;; Data sizes:     COMRAM   BANK0   BANK1   BANK2   BANK3   BANK4   BANK5   BANK6   BANK7   BANK8   BANK9  BANK10  BANK1
      +1  BANK12  BANK13  BANK14  BANK15
   594 ;;      Params:         0       0       0       0       0       0       0       0       0       0       0       0       
      +0       0       0       0       0
   595 ;;      Locals:         0       0       0       0       0       0       0       0       0       0       0       0       
      +0       0       0       0       0
   596 ;;      Temps:          0       0       0       0       0       0       0       0       0       0       0       0       
      +0       0       0       0       0
   597 ;;      Totals:         0       0       0       0       0       0       0       0       0       0       0       0       
      +0       0       0       0       0
   598 ;;Total ram usage:        0 bytes
   599 ;; Hardware stack levels used: 1
   600 ;; Hardware stack levels required when called: 1
   601 ;; This function calls:
   602 ;;		_GPIO_Init
   603 ;; This function is called by:
   604 ;;		_main
   605 ;; This function uses a non-reentrant model
   606 ;;
   607                           
   608                           	psect	text8
   609   0010EC                     __ptext8:
   610                           	callstack 0
   611   0010EC                     _LEDM_Init:
   612                           	callstack 29
   613   0010EC                     
   614                           ;GPIO/LEDM.c: 6:     GPIO_Init();
   615   0010EC  EC79  F008         	call	_GPIO_Init	;wreg free
   616   0010F0  0012               	return		;funcret
   617   0010F2                     __end_of_LEDM_Init:
   618                           	callstack 0
   619                           
   620 ;; *************** function _GPIO_Init *****************
   621 ;; Defined at:
   622 ;;		line 3 in file "GPIO/GPIO.c"
   623 ;; Parameters:    Size  Location     Type
   624 ;;		None
   625 ;; Auto vars:     Size  Location     Type
   626 ;;		None
   627 ;; Return value:  Size  Location     Type
   628 ;;                  1    wreg      void 
   629 ;; Registers used:
   630 ;;		None
   631 ;; Tracked objects:
   632 ;;		On entry : 0/0
   633 ;;		On exit  : 0/0
   634 ;;		Unchanged: 0/0
   635 ;; Data sizes:     COMRAM   BANK0   BANK1   BANK2   BANK3   BANK4   BANK5   BANK6   BANK7   BANK8   BANK9  BANK10  BANK1
      +1  BANK12  BANK13  BANK14  BANK15
   636 ;;      Params:         0       0       0       0       0       0       0       0       0       0       0       0       
      +0       0       0       0       0
   637 ;;      Locals:         0       0       0       0       0       0       0       0       0       0       0       0       
      +0       0       0       0       0
   638 ;;      Temps:          0       0       0       0       0       0       0       0       0       0       0       0       
      +0       0       0       0       0
   639 ;;      Totals:         0       0       0       0       0       0       0       0       0       0       0       0       
      +0       0       0       0       0
   640 ;;Total ram usage:        0 bytes
   641 ;; Hardware stack levels used: 1
   642 ;; This function calls:
   643 ;;		Nothing
   644 ;; This function is called by:
   645 ;;		_LEDM_Init
   646 ;; This function uses a non-reentrant model
   647 ;;
   648                           
   649                           	psect	text9
   650   0010F2                     __ptext9:
   651                           	callstack 0
   652   0010F2                     _GPIO_Init:
   653                           	callstack 29
   654   0010F2                     
   655                           ;GPIO/GPIO.c: 4:         TRISDbits.TRISD5 = 0;
   656   0010F2  9A95               	bcf	149,5,c	;volatile
   657                           
   658                           ;GPIO/GPIO.c: 5:         LATDbits.LATD5 = 0;
   659   0010F4  9A8C               	bcf	140,5,c	;volatile
   660   0010F6  0012               	return		;funcret
   661   0010F8                     __end_of_GPIO_Init:
   662                           	callstack 0
   663                           
   664                           	psect	smallconst
   665   001000                     __psmallconst:
   666                           	callstack 0
   667   001000  00                 	db	0
   668   001001  00                 	db	0	; dummy byte at the end
   669   000000                     
   670                           	psect	rparam
   671   000000                     
   672                           	psect	config
   673                           
   674                           ; Padding undefined space
   675   300000                     	org	3145728
   676   300000  FF                 	db	255
   677                           
   678                           ;Config register CONFIG1H @ 0x300001
   679                           ;	Oscillator Selection bits
   680                           ;	FOSC = HS, HS oscillator
   681                           ;	Fail-Safe Clock Monitor Enable bit
   682                           ;	FCMEN = 0x0, unprogrammed default
   683                           ;	Internal/External Oscillator Switchover bit
   684                           ;	IESO = 0x0, unprogrammed default
   685   300001                     	org	3145729
   686   300001  02                 	db	2
   687                           
   688                           ;Config register CONFIG2L @ 0x300002
   689                           ;	unspecified, using default values
   690                           ;	Power-up Timer Enable bit
   691                           ;	PWRTEN = 0x1, unprogrammed default
   692                           ;	Brown-out Reset Enable bits
   693                           ;	BOREN = 0x3, unprogrammed default
   694                           ;	Brown Out Reset Voltage bits
   695                           ;	BORV = 0x3, unprogrammed default
   696   300002                     	org	3145730
   697   300002  1F                 	db	31
   698                           
   699                           ;Config register CONFIG2H @ 0x300003
   700                           ;	Watchdog Timer Enable bit
   701                           ;	WDTEN = 0x1, unprogrammed default
   702                           ;	Watchdog Timer Postscale Select bits
   703                           ;	WDTPS = 32768, 1:32768
   704   300003                     	org	3145731
   705   300003  1F                 	db	31
   706                           tosu	equ	0xFFF
   707                           tosh	equ	0xFFE
   708                           tosl	equ	0xFFD
   709                           stkptr	equ	0xFFC
   710                           pclatu	equ	0xFFB
   711                           pclath	equ	0xFFA
   712                           pcl	equ	0xFF9
   713                           tblptru	equ	0xFF8
   714                           tblptrh	equ	0xFF7
   715                           tblptrl	equ	0xFF6
   716                           tablat	equ	0xFF5
   717                           prodh	equ	0xFF4
   718                           prodl	equ	0xFF3
   719                           indf0	equ	0xFEF
   720                           postinc0	equ	0xFEE
   721                           postdec0	equ	0xFED
   722                           preinc0	equ	0xFEC
   723                           plusw0	equ	0xFEB
   724                           fsr0h	equ	0xFEA
   725                           fsr0l	equ	0xFE9
   726                           wreg	equ	0xFE8
   727                           indf1	equ	0xFE7
   728                           postinc1	equ	0xFE6
   729                           postdec1	equ	0xFE5
   730                           preinc1	equ	0xFE4
   731                           plusw1	equ	0xFE3
   732                           fsr1h	equ	0xFE2
   733                           fsr1l	equ	0xFE1
   734                           bsr	equ	0xFE0
   735                           indf2	equ	0xFDF
   736                           postinc2	equ	0xFDE
   737                           postdec2	equ	0xFDD
   738                           preinc2	equ	0xFDC
   739                           plusw2	equ	0xFDB
   740                           fsr2h	equ	0xFDA
   741                           fsr2l	equ	0xFD9
   742                           status	equ	0xFD8

Data Sizes:
    Strings     0
    Constant    0
    Data        0
    BSS         11
    Persistent  0
    Stack       0

Auto Spaces:
    Space          Size  Autos    Used
    COMRAM           95      2      13
    BANK0           160      0       0
    BANK1           256      0       0
    BANK2           256      0       0
    BANK3           256      0       0
    BANK4           256      0       0
    BANK5           256      0       0
    BANK6           256      0       0
    BANK7           256      0       0
    BANK8           256      0       0
    BANK9           256      0       0
    BANK10          256      0       0
    BANK11          256      0       0
    BANK12          256      0       0
    BANK13          256      0       0
    BANK14          256      0       0
    BANK15           96      0       0

Pointer List with Targets:

    None.

Critical Paths under _main in COMRAM

    _LEDM_Manage->_GPIO_Write

Critical Paths under _main in BANK0

    None.

Critical Paths under _main in BANK1

    None.

Critical Paths under _main in BANK2

    None.

Critical Paths under _main in BANK3

    None.

Critical Paths under _main in BANK4

    None.

Critical Paths under _main in BANK5

    None.

Critical Paths under _main in BANK6

    None.

Critical Paths under _main in BANK7

    None.

Critical Paths under _main in BANK8

    None.

Critical Paths under _main in BANK9

    None.

Critical Paths under _main in BANK10

    None.

Critical Paths under _main in BANK11

    None.

Critical Paths under _main in BANK12

    None.

Critical Paths under _main in BANK13

    None.

Critical Paths under _main in BANK14

    None.

Critical Paths under _main in BANK15

    None.

Call Graph Tables:

 ---------------------------------------------------------------------------------
 (Depth) Function   	        Calls       Base Space   Used Autos Params    Refs
 ---------------------------------------------------------------------------------
 (0) _main                                                 1     1      0      98
                                              1 COMRAM     1     1      0
                          _LEDM_Init
                        _LEDM_Manage
                        _WDGDrv_Init
             _WDGDrv_IsrNotification
                          _WDGM_Init
 ---------------------------------------------------------------------------------
 (1) _WDGM_Init                                            0     0      0       0
 ---------------------------------------------------------------------------------
 (1) _WDGDrv_IsrNotification                               0     0      0       0
      _WDGM_PovideSuppervisionStatus
 ---------------------------------------------------------------------------------
 (2) _WDGM_PovideSuppervisionStatus                        0     0      0       0
 ---------------------------------------------------------------------------------
 (1) _WDGDrv_Init                                          0     0      0       0
 ---------------------------------------------------------------------------------
 (1) _LEDM_Manage                                          0     0      0      98
                         _GPIO_Write
           _WDGM_AlivenessIndication
 ---------------------------------------------------------------------------------
 (2) _WDGM_AlivenessIndication                             0     0      0       0
 ---------------------------------------------------------------------------------
 (2) _GPIO_Write                                           2     1      1      98
                                              0 COMRAM     1     0      1
 ---------------------------------------------------------------------------------
 (1) _LEDM_Init                                            0     0      0       0
                          _GPIO_Init
 ---------------------------------------------------------------------------------
 (2) _GPIO_Init                                            0     0      0       0
 ---------------------------------------------------------------------------------
 Estimated maximum stack depth 2
 ---------------------------------------------------------------------------------

 Call Graph Graphs:

 _main (ROOT)
   _LEDM_Init
     _GPIO_Init
   _LEDM_Manage
     _GPIO_Write
     _WDGM_AlivenessIndication
   _WDGDrv_Init
   _WDGDrv_IsrNotification
     _WDGM_PovideSuppervisionStatus
   _WDGM_Init

 Address spaces:
Name               Size   Autos  Total    Cost      Usage
BIGRAM             F5F      0       0      41        0.0%
EEDATA             400      0       0       0        0.0%
BITBANK14          100      0       0      33        0.0%
BANK14             100      0       0      34        0.0%
BITBANK13          100      0       0      32        0.0%
BANK13             100      0       0      30        0.0%
BITBANK12          100      0       0      28        0.0%
BANK12             100      0       0      29        0.0%
BITBANK11          100      0       0      26        0.0%
BANK11             100      0       0      27        0.0%
BITBANK10          100      0       0      24        0.0%
BANK10             100      0       0      25        0.0%
BITBANK9           100      0       0      22        0.0%
BANK9              100      0       0      23        0.0%
BITBANK8           100      0       0      20        0.0%
BANK8              100      0       0      21        0.0%
BITBANK7           100      0       0      18        0.0%
BANK7              100      0       0      19        0.0%
BITBANK6           100      0       0      16        0.0%
BANK6              100      0       0      17        0.0%
BITBANK5           100      0       0      14        0.0%
BANK5              100      0       0      15        0.0%
BITBANK4           100      0       0      12        0.0%
BANK4              100      0       0      13        0.0%
BITBANK3           100      0       0      10        0.0%
BANK3              100      0       0      11        0.0%
BITBANK2           100      0       0       8        0.0%
BANK2              100      0       0       9        0.0%
BITBANK1           100      0       0       6        0.0%
BANK1              100      0       0       7        0.0%
BITBANK0            A0      0       0       4        0.0%
BANK0               A0      0       0       5        0.0%
BITBANK15           60      0       0      35        0.0%
BANK15              60      0       0      36        0.0%
BITCOMRAM           5F      0       0       0        0.0%
COMRAM              5F      2       D       1       13.7%
BITBIGSFRhl         3B      0       0      38        0.0%
BITBIGSFRhh         2E      0       0      37        0.0%
BITBIGSFRll         2C      0       0      40        0.0%
BITBIGSFRlh          8      0       0      39        0.0%
BIGSFR               0      0       0     200        0.0%
BITSFR               0      0       0     200        0.0%
SFR                  0      0       0     200        0.0%
STACK                0      0       0       2        0.0%
NULL                 0      0       0       0        0.0%
ABS                  0      0       D      31        0.0%
DATA                 0      0       D       3        0.0%
CODE                 0      0       0       0        0.0%


Microchip Technology PIC18 Macro Assembler V2.46 build 20240104201356 
Symbol Table                                                                                   Fri Jun 14 20:42:27 2024

                                   l30 10DE                                     l27 10F6  
                                   l43 10F0                                     l61 10A6  
                                   l47 105A                                     l63 10A8  
                                   l58 10E4                                     l91 10EA  
                                   l78 10C0                                     l88 10FA  
                                   u50 109E                                     u51 109A  
                          ?_GPIO_Write 000C                                    l831 1002  
                                  l833 102A                                    l841 105C  
                                  l771 10E6                                    l835 1044  
                                  l843 1064                                    l829 10D4  
                                  l837 104E                                    l773 10F8  
                                  l781 10AA                                    l845 1068  
                                  l767 10F2                                    l839 1056  
                                  l783 10BE                                    l847 106C  
                                  l777 10EC                                    l849 1070  
                                  l779 10E0                                    l795 108A  
                                  l797 109E                                    u110 102A  
                                  u111 1026                                    u120 103E  
                                  u105 10DC                                    u121 1038  
                                  u106 10DE                                    u130 1040  
                                  u147 1076                                    wreg 0FE8  
                                 _main 105C                                   start 0000  
                         ___param_bank 0000                                  ?_main 000C  
                        _lastCheckTime 0003             ??_WDGM_AlivenessIndication 000C  
                                status 0FD8                        __initialization 10C2  
                         __end_of_main 108A  __end_of_WDGM_PovideSuppervisionStatus 10FC  
        _WDGM_PovideSuppervisionStatus 10F8                                 ??_main 000D  
                    __end_of_LEDM_Init 10F2                          __activetblptr 0000  
                    __end_of_GPIO_Init 10F8                       _wgdmMainFuncTurn 0001  
             ??_WDGDrv_IsrNotification 000C                      __end_of_WDGM_Init 10C2  
                         ?_WDGDrv_Init 000C                                 clear_0 10C8  
                               isa$std 0001                           __mediumconst 0000  
                           __accesstop 0060                __end_of__initialization 10CE  
                        ___rparam_used 0001                         __pcstackCOMRAM 000C  
                         ??_GPIO_Write 000D         ?_WDGM_PovideSuppervisionStatus 000C  
                   __end_of_GPIO_Write 10E0                             _ledCounter 0007  
                              __Hparam 0000                                __Lparam 0000  
                         __psmallconst 1000                                __pcinit 10C2  
                              __ramtop 1000                                __ptext0 105C  
                              __ptext1 10AA                                __ptext2 108A  
                              __ptext3 10F8                                __ptext4 10E0  
                              __ptext5 1002                                __ptext6 10E6  
                              __ptext7 10D4                                __ptext8 10EC  
                              __ptext9 10F2                 _WDGDrv_IsrNotification 108A  
                            _LEDM_Init 10EC                              _GPIO_Init 10F2  
                 end_of_initialization 10CE              ?_WDGM_AlivenessIndication 000C  
                              postinc0 0FEE                             _wdgmStatus 000B  
                            _WDGM_Init 10AA                              _TRISDbits 0F95  
                           ?_LEDM_Init 000C                             ?_GPIO_Init 000C  
                        ??_LEDM_Manage 000D                             ?_WDGM_Init 000C  
                  start_initialization 10C2                      GPIO_Write@PinData 000C  
      ??_WDGM_PovideSuppervisionStatus 000C                    __end_of_LEDM_Manage 105C  
                          __pbssCOMRAM 0001                            ??_LEDM_Init 000C  
                          ??_GPIO_Init 000C                ?_WDGDrv_IsrNotification 000C  
                          ??_WDGM_Init 000C                            __smallconst 1000  
     __end_of_WDGM_AlivenessIndication 10EC                               _LATDbits 0F8C  
                          _LEDM_Manage 1002                          ??_WDGDrv_Init 000C  
       __end_of_WDGDrv_IsrNotification 10AA                               __Hrparam 0000  
                             __Lrparam 0000                    __end_of_WDGDrv_Init 10E6  
                             _ledstate 0009               _WDGM_AlivenessIndication 10E6  
                             isa$xinst 0000                             _GPIO_Write 10D4  
                      GPIO_Write@PinId 000C                            _WDGDrv_Init 10E0  
                           _WDTCONbits 0FD1                          _mainFuncCalls 0005  
                         ?_LEDM_Manage 000C  
